# JRE version: Java(TM) SE Runtime Environment (24.0+36) (build 24+36-3646)
# Java VM: Java HotSpot(TM) 64-Bit Server VM (24+36-3646, mixed mode, sharing, tiered, compressed oops, compressed class ptrs, g1 gc, windows-amd64)
GC Precious Log:
 CardTable entry size: 512
 Card Set container configuration: InlinePtr #cards 5 size 8 Array Of Cards #cards 10 size 36 Howl #buckets 4 coarsen threshold 1843 Howl Bitmap #cards 512 size 80 coarsen threshold 460 Card regions per heap region 1 cards per card region 2048
 CPUs: 12 total, 12 available
 Memory: 7521M
 Large Page Support: Disabled
 NUMA Support: Disabled
 Compressed Oops: Enabled (32-bit)
 Heap Region Size: 1M
 Heap Min Capacity: 8M
 Heap Initial Capacity: 118M
 Heap Max Capacity: 1882M
 Pre-touch: Disabled
 Parallel Workers: 10
 Concurrent Workers: 3
 Concurrent Refinement Workers: 10
 Periodic GC: Disabled
Heap:
 garbage-first heap   total reserved 1927168K, committed 71680K, used 62103K [0x000000008a600000, 0x0000000100000000)
  region size 1024K, 30 young (30720K), 4 survivors (4096K)
 Metaspace       used 81200K, committed 81792K, reserved 1179648K
  class space    used 9198K, committed 9472K, reserved 1048576K
GC Heap History (20 events):
Event: 5.660 GC heap before
{Heap before GC invocations=3 (full 0):
 garbage-first heap   total reserved 1927168K, committed 61440K, used 59592K [0x000000008a600000, 0x0000000100000000)
  region size 1024K, 48 young (49152K), 6 survivors (6144K)
 Metaspace       used 28243K, committed 28544K, reserved 1114112K
  class space    used 2895K, committed 3008K, reserved 1048576K
}
Event: 5.683 GC heap after
{Heap after GC invocations=4 (full 0):
 garbage-first heap   total reserved 1927168K, committed 71680K, used 20002K [0x000000008a600000, 0x0000000100000000)
  region size 1024K, 4 young (4096K), 4 survivors (4096K)
 Metaspace       used 28243K, committed 28544K, reserved 1114112K
  class space    used 2895K, committed 3008K, reserved 1048576K
}
Event: 7.046 GC heap before
{Heap before GC invocations=4 (full 0):
 garbage-first heap   total reserved 1927168K, committed 71680K, used 49698K [0x000000008a600000, 0x0000000100000000)
  region size 1024K, 33 young (33792K), 4 survivors (4096K)
 Metaspace       used 34450K, committed 34880K, reserved 1114112K
  class space    used 3544K, committed 3712K, reserved 1048576K
}
Event: 7.052 GC heap after
{Heap after GC invocations=5 (full 0):
 garbage-first heap   total reserved 1927168K, committed 71680K, used 22821K [0x000000008a600000, 0x0000000100000000)
  region size 1024K, 3 young (3072K), 3 survivors (3072K)
 Metaspace       used 34450K, committed 34880K, reserved 1114112K
  class space    used 3544K, committed 3712K, reserved 1048576K
}
Event: 7.195 GC heap before
{Heap before GC invocations=5 (full 0):
 garbage-first heap   total reserved 1927168K, committed 71680K, used 24869K [0x000000008a600000, 0x0000000100000000)
  region size 1024K, 6 young (6144K), 3 survivors (3072K)
 Metaspace       used 35513K, committed 35968K, reserved 1114112K
  class space    used 3688K, committed 3904K, reserved 1048576K
}
Event: 7.200 GC heap after
{Heap after GC invocations=6 (full 0):
 garbage-first heap   total reserved 1927168K, committed 71680K, used 22931K [0x000000008a600000, 0x0000000100000000)
  region size 1024K, 3 young (3072K), 3 survivors (3072K)
 Metaspace       used 35513K, committed 35968K, reserved 1114112K
  class space    used 3688K, committed 3904K, reserved 1048576K
}
Event: 9.164 GC heap before
{Heap before GC invocations=7 (full 0):
 garbage-first heap   total reserved 1927168K, committed 71680K, used 55699K [0x000000008a600000, 0x0000000100000000)
  region size 1024K, 35 young (35840K), 3 survivors (3072K)
 Metaspace       used 47598K, committed 48128K, reserved 1114112K
  class space    used 5009K, committed 5248K, reserved 1048576K
}
Event: 9.172 GC heap after
{Heap after GC invocations=8 (full 0):
 garbage-first heap   total reserved 1927168K, committed 71680K, used 26137K [0x000000008a600000, 0x0000000100000000)
  region size 1024K, 5 young (5120K), 5 survivors (5120K)
 Metaspace       used 47598K, committed 48128K, reserved 1114112K
  class space    used 5009K, committed 5248K, reserved 1048576K
}
Event: 10.309 GC heap before
{Heap before GC invocations=8 (full 0):
 garbage-first heap   total reserved 1927168K, committed 71680K, used 56857K [0x000000008a600000, 0x0000000100000000)
  region size 1024K, 35 young (35840K), 5 survivors (5120K)
 Metaspace       used 55734K, committed 56256K, reserved 1114112K
  class space    used 5726K, committed 5952K, reserved 1048576K
}
Event: 10.318 GC heap after
{Heap after GC invocations=9 (full 0):
 garbage-first heap   total reserved 1927168K, committed 71680K, used 28449K [0x000000008a600000, 0x0000000100000000)
  region size 1024K, 2 young (2048K), 2 survivors (2048K)
 Metaspace       used 55734K, committed 56256K, reserved 1114112K
  class space    used 5726K, committed 5952K, reserved 1048576K
}
Event: 10.689 GC heap before
{Heap before GC invocations=9 (full 0):
 garbage-first heap   total reserved 1927168K, committed 71680K, used 36641K [0x000000008a600000, 0x0000000100000000)
  region size 1024K, 12 young (12288K), 2 survivors (2048K)
 Metaspace       used 59694K, committed 60160K, reserved 1114112K
  class space    used 6148K, committed 6336K, reserved 1048576K
}
Event: 10.694 GC heap after
{Heap after GC invocations=10 (full 0):
 garbage-first heap   total reserved 1927168K, committed 71680K, used 28479K [0x000000008a600000, 0x0000000100000000)
  region size 1024K, 2 young (2048K), 2 survivors (2048K)
 Metaspace       used 59694K, committed 60160K, reserved 1114112K
  class space    used 6148K, committed 6336K, reserved 1048576K
}
Event: 11.980 GC heap before
{Heap before GC invocations=11 (full 0):
 garbage-first heap   total reserved 1927168K, committed 71680K, used 61247K [0x000000008a600000, 0x0000000100000000)
  region size 1024K, 34 young (34816K), 2 survivors (2048K)
 Metaspace       used 67548K, committed 68096K, reserved 1114112K
  class space    used 7149K, committed 7360K, reserved 1048576K
}
Event: 11.987 GC heap after
{Heap after GC invocations=12 (full 0):
 garbage-first heap   total reserved 1927168K, committed 71680K, used 30399K [0x000000008a600000, 0x0000000100000000)
  region size 1024K, 4 young (4096K), 4 survivors (4096K)
 Metaspace       used 67548K, committed 68096K, reserved 1114112K
  class space    used 7149K, committed 7360K, reserved 1048576K
}
Event: 12.842 GC heap before
{Heap before GC invocations=12 (full 0):
 garbage-first heap   total reserved 1927168K, committed 71680K, used 61119K [0x000000008a600000, 0x0000000100000000)
  region size 1024K, 35 young (35840K), 4 survivors (4096K)
 Metaspace       used 72251K, committed 72768K, reserved 1114112K
  class space    used 7871K, committed 8064K, reserved 1048576K
}
Event: 12.851 GC heap after
{Heap after GC invocations=13 (full 0):
 garbage-first heap   total reserved 1927168K, committed 71680K, used 32594K [0x000000008a600000, 0x0000000100000000)
  region size 1024K, 5 young (5120K), 5 survivors (5120K)
 Metaspace       used 72251K, committed 72768K, reserved 1114112K
  class space    used 7871K, committed 8064K, reserved 1048576K
}
Event: 13.796 GC heap before
{Heap before GC invocations=13 (full 0):
 garbage-first heap   total reserved 1927168K, committed 71680K, used 62290K [0x000000008a600000, 0x0000000100000000)
  region size 1024K, 34 young (34816K), 5 survivors (5120K)
 Metaspace       used 77785K, committed 78272K, reserved 1179648K
  class space    used 8804K, committed 9024K, reserved 1048576K
}
Event: 13.804 GC heap after
{Heap after GC invocations=14 (full 0):
 garbage-first heap   total reserved 1927168K, committed 71680K, used 34746K [0x000000008a600000, 0x0000000100000000)
  region size 1024K, 5 young (5120K), 5 survivors (5120K)
 Metaspace       used 77785K, committed 78272K, reserved 1179648K
  class space    used 8804K, committed 9024K, reserved 1048576K
}
Event: 997.546 GC heap before
{Heap before GC invocations=14 (full 0):
 garbage-first heap   total reserved 1927168K, committed 71680K, used 61370K [0x000000008a600000, 0x0000000100000000)
  region size 1024K, 31 young (31744K), 5 survivors (5120K)
 Metaspace       used 80858K, committed 81472K, reserved 1179648K
  class space    used 9180K, committed 9472K, reserved 1048576K
}
Event: 997.717 GC heap after
{Heap after GC invocations=15 (full 0):
 garbage-first heap   total reserved 1927168K, committed 71680K, used 36503K [0x000000008a600000, 0x0000000100000000)
  region size 1024K, 4 young (4096K), 4 survivors (4096K)
 Metaspace       used 80858K, committed 81472K, reserved 1179648K
  class space    used 9180K, committed 9472K, reserved 1048576K
}

